<?xml version="1.0" encoding="UTF-8"?>
<testsuite name="tracker.studentsHandling.StudentsAdderTest" tests="16" skipped="0" failures="0" errors="0" timestamp="2023-08-07T07:24:33" hostname="DESKTOP-77HAML8" time="0.191">
  <properties/>
  <testcase name="Test mail: mail@example, should be FALSE" classname="tracker.studentsHandling.StudentsAdderTest" time="0.057"/>
  <testcase name="Test mail: mail@example.com, should be TRUE" classname="tracker.studentsHandling.StudentsAdderTest" time="0.01"/>
  <testcase name="Test mail: mail-mail@example.com, should be TRUE" classname="tracker.studentsHandling.StudentsAdderTest" time="0.002"/>
  <testcase name="Test mail: mail_mail@example.com, should be TRUE" classname="tracker.studentsHandling.StudentsAdderTest" time="0.008"/>
  <testcase name="Test mail: mail.mail@example.com, should be TRUE" classname="tracker.studentsHandling.StudentsAdderTest" time="0.003"/>
  <testcase name="Test mail: mail@example_mail.com, should be FALSE" classname="tracker.studentsHandling.StudentsAdderTest" time="0.002"/>
  <testcase name="Test mail: mail@example1.com1, should be True" classname="tracker.studentsHandling.StudentsAdderTest" time="0.011"/>
  <testcase name="Test name: 'Jean Claude', should be TRUE" classname="tracker.studentsHandling.StudentsAdderTest" time="0.003"/>
  <testcase name="Test name: 'Jean C.', should be FALSE" classname="tracker.studentsHandling.StudentsAdderTest" time="0.003"/>
  <testcase name="Test name: 'Jean-Claude', should be FALSE" classname="tracker.studentsHandling.StudentsAdderTest" time="0.001"/>
  <testcase name="Test name: 'Jean-Claude van Damme', should be TRUE" classname="tracker.studentsHandling.StudentsAdderTest" time="0.026"/>
  <testcase name="Test name: 'Jack O'Neill', should be TRUE" classname="tracker.studentsHandling.StudentsAdderTest" time="0.002"/>
  <testcase name="Test name: 'Jack O' Neill', should be FALSE" classname="tracker.studentsHandling.StudentsAdderTest" time="0.011"/>
  <testcase name="Test length shorter than 3 words, should be FALSE" classname="tracker.studentsHandling.StudentsAdderTest" time="0.003"/>
  <testcase name="Test length with 3 words, should be TRUE" classname="tracker.studentsHandling.StudentsAdderTest" time="0.001"/>
  <testcase name="Test length with more than 3 words, should be TRUE" classname="tracker.studentsHandling.StudentsAdderTest" time="0.001"/>
  <system-out><![CDATA[Incorrect email.
The student has been added
The student has been added
The student has been added
The student has been added
Incorrect email.
The student has been added
The student has been added
Incorrect last name.
Incorrect credentials.
The student has been added
The student has been added
Incorrect last name.
Incorrect credentials.
The student has been added
The student has been added
]]></system-out>
  <system-err><![CDATA[]]></system-err>
</testsuite>
